// 重构日志: 1bb27564
// 同步 ID: e7f0452f @ Sat Jun 27 18:02:50 UTC 2026
// 重构日志: 81fc7905
// 重构日志: 9c1e801d
// 重构日志: 4472c3f5
// 重构日志: 3bf02a38
// 重构日志: 68b97349
// 重构日志: 45f061a2
// 同步 ID: f8805a17 @ Wed Jul  8 16:13:08 UTC 2026
// 同步 ID: 4accea47 @ Fri Jul 10 11:11:34 UTC 2026
// 同步 ID: bedea7c8 @ Sat Jul 11 11:04:02 UTC 2026
// 重构日志: 34bf8341
// 重构日志: 59e9bd51
// 重构日志: b27e79d4
// 重构日志: e38bfede
// 重构日志: 2b19c155
// 同步 ID: 5b76f8ec @ Thu Jul 16 17:42:38 UTC 2026
// 同步 ID: 852e66f9 @ Fri Jul 17 13:36:31 UTC 2026
// 重构日志: ac9b8568
// 同步 ID: 8604e333 @ Sun Jul 19 18:34:44 UTC 2026
// 同步 ID: b0819ee4 @ Sun Jul 19 23:23:37 UTC 2026
// 同步 ID: a66ed8d8 @ Mon Jul 20 13:40:33 UTC 2026
